t/101_initialization.t .... 
ok 1 - use Form::Diva;
ok 2 - Dies: Not providing a Field Name is Fatal
ok 3 - Dies: Not providing label_class is fatal
ok 4 - Dies: Not providing input_class is fatal
ok 5 - _expandshortcuts check that returned hash and array are same size 
ok 6 - _expandshortcuts check the same for hidden 
ok 7 - record 0 label is Full Name
ok 8 - record 0 p is undef
ok 9 - value from p got moved to placeholder
ok 10 - placeholder set for the email field too
ok 11 - last record in test is named our_id
ok 12 - last record extra field is: disabled
ok 13 - hidden fields 0 name is secret
ok 14 - hidden fields 1 default is 'very secret'
ok 15 - fields 0 has comment of 'yes'
ok 16 - hidden fields 1 the comment is  'very secret comment'
ok 17 - Second form has a name: something
ok 18 - Second form: field type defaulted to text
1..18
ok
t/102_fieldbits.t ......... 
ok 1 - use Form::Diva;
ok 2 - Name No Data : input_class : class="form-control"
ok 3 - Name No Data : placeholder : placeholder="Your Name"
ok 4 - Name No Data : rawvalue : ZERO or NULL VALUE
ok 5 - Name No Data : value : value=""
ok 6 - Name No Data : textarea : ZERO or NULL VALUE
ok 7 - Name No Data : id : id="formdiva_name"
ok 8 - name_data1 : input_class : class="form-control"
ok 9 - name_data1 : placeholder : placeholder="Your Name"
ok 10 - name_data1 : rawvalue : Baloney
ok 11 - name_data1 : value : value="Baloney"
ok 12 - name_data2 : placeholder : placeholder="Your Name"
ok 13 - name_data2 : rawvalue : Salami
ok 14 - name_data2 : value : value="Salami"
ok 15 - Phone No Data : type : type="tel"
ok 16 - Phone No Data : extra : required
ok 17 - Phone No Data : name : name="phone"
ok 18 - Phone No Data : id : id="not name"
ok 19 - phone_data1 : rawvalue : 232-432-2744
ok 20 - phone_data2 : rawvalue : ZERO or NULL VALUE
ok 21 - phone_data1 : value : value="232-432-2744"
ok 22 - phone_data2 : value : value=""
ok 23 - phone_data2 : id : id="not name"
ok 24 - Email No Data : type : type="email"
ok 25 - Email No Data : placeholder : placeholder="doormat"
ok 26 - Email No Data : value : value=""
ok 27 - email_data2 : type : type="email"
ok 28 - email_data2 : placeholder : placeholder="doormat"
ok 29 - email_data2 : id : id="formdiva_email"
ok 30 - email_data2 : name : name="email"
ok 31 - email_data2 : rawvalue : salami@yapc.org
ok 32 - email_data2 : value : value="salami@yapc.org"
ok 33 - OurId No Data : type : type="number"
ok 34 - OurId No Data : extra : disabled
ok 35 - OurId No Data : name : name="our_id"
ok 36 - OurId No Data : rawvalue : 57
ok 37 - OurId No Data : value : value="57"
ok 38 - OurId No Data : input_class : class="other-class shaded-green"
ok 39 - Hidden - Secret : name : name="secret"
ok 40 - Hidden - Secret : value : value=""
ok 41 - Hidden - Hush Default : name : name="hush"
ok 42 - Hidden - Hush Default : value : value="very secret"
ok 43 - Hidden - Hush with data : name : name="hush"
ok 44 - Hidden - Hush with data : value : value="Let me Tell You"
ok 45 - ourid_data2 : rawvalue : 91
ok 46 - ourid_data2 : value : value="91"
ok 47 - textarea : textarea : 1
ok 48 - textarea : placeholder : placeholder="Type some stuff here"
ok 49 - textarea data2 : rawvalue : I typed things in here!
1..49
ok
t/103_pieces.t ............ 
ok 1 - use Form::Diva;
# testing _class_input
ok 2 - bare
ok 3 - with field that uses default class
ok 4 - with field that uses over-ride class
# testing that id prefers a set id and defaults to formdiva_%fieldname
ok 5 - Email field's id was created for us by form diva as formdiva_email
ok 6 - Phone field id is as specified
# Testing _option_id
ok 7 - carform pinto => id="carform_pinto"
ok 8 - carform volvo => id="carform_volvo"
ok 9 - truckform GMC => id="truckform_gmc"
ok 10 - carform Pinto => id="carform_pinto2"
ok 11 - carform Ford Pinto => id="carform_ford_pinto"
ok 12 - truckform Dodge => id="truckform_dodge"
ok 13 - carform pinto => id="carform_pinto3"
ok 14 - All ids generated were unique: 
# The number of unique results is the same as the number of tests: 7
# testing _field_once
ok 15 - our test used each field no more than once.
ok 16 - Made HiddenMap identical to FormMap and _field_once died
1..16
ok
t/105_id.t ................ 
ok 1 - use Form::Diva;
ok 2 - generate returned input with correct id for phone formdiva_phone.
ok 3 - generate returned input with correct id for email eml.
ok 4 - datavalues returned data with correct id for phone formdiva_phone.
ok 5 - datavalues returned data with correct id for email eml.
ok 6 - hidden returned correct id for secret formdiva_secret.
ok 7 - hidden returned correct id for mystery mystery_site_url.
ok 8 - select input has autogenerated id: formdiva_hasnt_xyz
ok 9 - select input option generated from preset id: zmyxfd_def
ok 10 - select outer select tag autogenerated id: formdiva_hasnt
ok 11 - select outer select tag generated from preset id: zmyxfd
ok 12 - select datavalues returned generated id formdiva_hasntz
ok 13 - select datavalues returned preset id zmyxfd
ok 14 - radio input has autogenerated id: formdiva_hasnt_xyz
ok 15 - radio input option generated from preset id: zmyxfd_def
ok 16 - radio datavalues returned generated id formdiva_hasntz
ok 17 - radio datavalues returned preset id zmyxfd
ok 18 - checkbox input has autogenerated id: formdiva_hasnt_xyz
ok 19 - checkbox input option generated from preset id: zmyxfd_def
ok 20 - checkbox datavalues returned generated id formdiva_hasntz
ok 21 - checkbox datavalues returned preset id zmyxfd
# check id_base
ok 22 - generated id on pattern myidbase myidbase_name
1..22
ok
t/130_label.t ............. 
ok 1 - use Form::Diva;
ok 2 - <LABEL for="formdiva_fullname" id="formdiva_fullname_label" class="testclass">Full Name</LABEL>
ok 3 - <LABEL for="phonefieldid" id="phonefieldid_label" class="testclass">Phone</LABEL>
ok 4 - <LABEL for="formdiva_email" id="formdiva_email_label" class="testclass">Email</LABEL>
ok 5 - <LABEL for="formdiva_our_id" id="formdiva_our_id_label" class="testclass">Our_id</LABEL>
ok 6 - <LABEL for="formdiva_label_over" id="formdiva_label_over_label" class="not_that_class we_can_override_label_class">Label Over-Ride</LABEL>
ok 7 - 
ok 8 - <LABEL for="formdiva_empty_label" id="formdiva_empty_label_label" class="testclass"></LABEL>
ok 9 - <LABEL for="formdiva_radiotest" id="formdiva_radiotest_label" class="testclass">Radiotest</LABEL>
1..9
ok
t/150_input.t ............. 
ok 1 - use Form::Diva;
ok 2 - begins with: <input type="text"
ok 3 - ends with >
ok 4 - Empty Value: value="" 
ok 5 - has fieldname: name="fullname"
ok 6 - PlaceHolder is set: placeholder="Your Name"
ok 7 - Bug Test: this should not be: placeholder="placeholder
ok 8 - Bug Test: should never see two quotes like this: "\w""
ok 9 - Value set: value="Baloney" 
ok 10 - input type is number
ok 11 - Value defaulted: value="57"
ok 12 - Extra specified disabled
ok 13 - Value is not default but actual value: value="91"
ok 14 - tag is TEXTAREA
ok 15 - TextArea has value and closing tag
ok 16 - Bug Test: textarea should never have two quotes like this: "\w""
# Test a field where we only provided a name.
ok 17 - Input has field name
ok 18 - Input is a text field
ok 19 - class over-ride set class to ignorable
ok 20 - the default class isnt in the input
1..20
ok
t/160_hidden.t ............ 
ok 1 - use Form::Diva;
ok 2 - <INPUT type="hidden" name="secret" id="formdiva_secret" valu
ok 3 - <INPUT type="hidden" name="secret" id="formdiva_secret" valu
ok 4 - <INPUT type="hidden" name="hush" id="formdiva_hush" value="v
ok 5 - <INPUT type="hidden" name="hush" id="formdiva_hush" value=""
1..5
ok
t/170_checkboxes.t ........ 
ok 1 - use Form::Diva;
ok 2 - input is radio
ok 3 - Test _expandshortcuts for values
ok 4 - generated as 3 radio buttons.
ok 5 - Set Radio1 with Canadian Checked
ok 6 - generated as 3 checkboxes.
ok 7 - Default checked is Peruvian Music
ok 8 - With Data check Argentinian Dance instead.
ok 9 - The default class is being used.
ok 10 - The default class has been overridden.
ok 11 - Check the extra field, we set value to disabled.
ok 12 - overridden checkbox Venus is selected
ok 13 - overridden value is not present
1..13
ok
t/180_select.t ............ 
ok 1 - use Form::Diva;
ok 2 - check _expandshortcuts type is select
ok 3 - select1 does not have a default, with no data nothing is selected
ok 4 - select1 with uk as data English is now selected
ok 5 - select1 with uk as data "usa">American has tag and not selected
ok 6 - select2 has no values provided and returns with no option elements
ok 7 - Check the label on the empty one
ok 8 - Generate returned input of a few tests ago, with some space removed
ok 9 - A select with different labels than values.
ok 10 - Empty Select with Override now has one of the new vaues
ok 11 - Empty Select with Override has no selected because it was given undef
ok 12 - Select with Override does not contain an original option value
ok 13 - Select with Override does contain one of the new values
ok 14 - pear is selected in the Override select
ok 15 - banana is in the new list from generate
ok 16 - Canadian has been removed
1..16
ok
t/201_generate.t .......... 
ok 1 - use Form::Diva;
# a few example tests with some small data.
ok 2 - Check row3 name in input tag.
ok 3 - Check row3 value in input tag.
ok 4 - Row 0 has default class tag.
ok 5 - Row 2 has over-ridden class tag.
ok 6 - Row 0 has value of spaghetti.
ok 7 - Row 4 has empty value set.
ok 8 - Row 2 has a value like the email address.
ok 9 - first field has no comment
ok 10 - second field has comment of 'phoney phooey'
# a few example tests with no data.
ok 11 - Check row3 name in input tag.
ok 12 - Row 0 has default class tag.
ok 13 - Row 2 has over-ridden class tag.
ok 14 - Row 1 has default value set.
ok 15 - Row 2 has empty value set.
ok 16 - Check row3 has empty value set.
ok 17 - Row 2 has placeholder set.
# Testing all of the html form field types
ok 18 - Label <LABEL for="formdiva_color" generated for color
ok 19 - Input Field for color -- <INPUT type="color" name="color"
ok 20 - Label <LABEL for="formdiva_date" generated for date
ok 21 - Input Field for date -- <INPUT type="date" name="date"
ok 22 - Label <LABEL for="formdiva_datetime" generated for datetime
ok 23 - Input Field for datetime -- <INPUT type="datetime" name="datetime"
ok 24 - Label <LABEL for="formdiva_datetime-local" generated for datetime-local
ok 25 - Input Field for datetime-local -- <INPUT type="datetime-local" name="datetime-local"
ok 26 - Label <LABEL for="formdiva_email" generated for email
ok 27 - Input Field for email -- <INPUT type="email" name="email"
ok 28 - Label <LABEL for="formdiva_month" generated for month
ok 29 - Input Field for month -- <INPUT type="month" name="month"
ok 30 - Label <LABEL for="formdiva_number" generated for number
ok 31 - Input Field for number -- <INPUT type="number" name="number"
ok 32 - Label <LABEL for="formdiva_yourpassword" generated for password
ok 33 - Input Field for password -- <INPUT type="password" name="yourpassword"
ok 34 - Label <LABEL for="formdiva_range" generated for range
ok 35 - Input Field for range -- <INPUT type="range" name="range"
ok 36 - Label <LABEL for="formdiva_search" generated for search
ok 37 - Input Field for search -- <INPUT type="search" name="search"
ok 38 - Label <LABEL for="formdiva_tel" generated for tel
ok 39 - Input Field for tel -- <INPUT type="tel" name="tel"
ok 40 - Label <LABEL for="formdiva_url" generated for url
ok 41 - Input Field for url -- <INPUT type="url" name="url"
ok 42 - Label <LABEL for="formdiva_week" generated for week
ok 43 - Input Field for week -- <INPUT type="week" name="week"
1..43
ok
t/202_generate_options.t .. 
ok 1 - use Form::Diva;
ok 2 - Check the label for the select
ok 3 - Check our select input, it has no elements
ok 4 - input name is checktest
ok 5 - checktest is a checkbox
ok 6 - French is checked
ok 7 - input name is radiotest
ok 8 - radiotest is a radio
ok 9 - Value 2 is checked
ok 10 - defaultzero value 0 is checked
# repeat the last generation with some data
ok 11 - French is no lnger checked
ok 12 - Canadian is now checked
ok 13 - Value 1 is now checked in the radio
ok 14 - defaultzero value is not checked because there was data for other fields
# override the empty list in the select
ok 15 - rabbit now has an entry in select
ok 16 - selected dog in the data and dog is now selected
1..16
ok
t/203_prefill.t ........... 
ok 1 - use Form::Diva;
ok 2 - With no data prefill and generate return the same
ok 3 - prefilled name with value spaghetti is set  -- value="spaghetti"
ok 4 - prefilled name with value gets placeholder of "Your Name"  -- placeholder="Your Name"
ok 5 - prefilled with no value for phone gets default  -- value="say Hello"
ok 6 - prefilled email with value dinner@food.food is set  -- value="dinner\@food.food"
ok 7 - prefilled our_id with no value gets no value  -- value=""
ok 8 - prefilled our_id with no value gets placeholder of 11  -- placeholder="11"
ok 9 - prefilled with no value for onemore gets default  -- value="old college try"
ok 10 - checkbox has selected French  -- checked="checked">French
ok 11 - confirm that another item is not checked  -- "checked">Argentinian
ok 12 - prefilled name with value Coffee is set  -- value="Coffee"
ok 13 - prefilled with no value for phone gets default  -- value="say Hello"
ok 14 - doormat is the placeholder (default) for email  -- placeholder="doormat"
ok 15 - prefilled our_id with no value gets no value  -- value=""
ok 16 - prefilled our_id with no value gets placeholder of 11  -- placeholder="11"
ok 17 - prefilled with no value for onemore gets default  -- value="old college try"
ok 18 - checkbox has selected Irish  -- checked="checked">Irish
ok 19 - confirm that another item is not checked  -- "checked">Argentinian
ok 20 - Generate without Data returns the same after prefill was used as it did before.
1..20
ok
t/211_hidden.t ............ 
ok 1 - use Form::Diva;
ok 2 - generate the hidden block with no data
ok 3 - generate the hidden block with data
1..3
ok
t/221_datavalues.t ........ 
ok 1 - use Form::Diva;
# testing without moredata set
ok 2 - checked name of 0 row
ok 3 - checked comment of 0 row is undef
ok 4 - row 1 type
ok 5 - row 1 comment
ok 6 - nodata form returned 4 rows
ok 7 - withdata form returned 4 rows
ok 8 - skipempty nodata form returned 3 rows
ok 9 - skipempty last row value is 41
ok 10 - withdata provided value for email
ok 11 - nodata label is correct
ok 12 - withdata label was created from name
ok 13 - skipempty field 1 is Email because a record was deliberately skipped
# testing with moredata set
ok 14 - checked name of 0 row
ok 15 - row 1 type
ok 16 - nodata form returned 4 rows
ok 17 - withdata form returned 4 rows
ok 18 - skipempty nodata form returned 3 rows
ok 19 - skipempty last row value is 41
ok 20 - withdata provided value for email
ok 21 - placeholder is provided for first row
ok 22 - placeholder still undef for second row
ok 23 - class is provided for email
ok 24 - class is default for a different row
ok 25 - extra is undef for foodname
ok 26 - extra is required for phone
ok 27 - row 3 extra
ok 28 - foodname defaults to delicious
ok 29 - form-email has no default(undef)
ok 30 - using skipempty without data returns nothing
ok 31 - values contains the value list for a select input
1..31
ok
t/300_clone.t ............. 
ok 1 - use Form::Diva;
ok 2 - 'Original object is a Form::Diva' isa 'Form::Diva'
ok 3 - 'New object is a Form::Diva' isa 'Form::Diva'
ok 4 - new object only has 2 rows in form
# deleting original obj should not affect subsequent tests
ok 5 - the original object is now undefined
ok 6 - last row in copy is email
ok 7 - our next copy has name as a field
ok 8 - The new input_class is in effect
ok 9 - but we didnt change label_class
ok 10 - Check a hidden field to make sure it was cloned.
ok 11 - successfully crossmapped
ok 12 - where one field moved
ok 13 - from hidden to normal
ok 14 - and another got hid
ok 15 - ...
ok 16 - test extra attribute of hidden converted to other type
ok 17 - test type of hidden converted to other type
ok 18 - test id of hidden converted to other type
ok 19 - previously hidden field is now a textfield
ok 20 - label for previously hidden secret field
ok 21 - id for previously hidden field in generated input
ok 22 - type for previously hidden field in generated input
ok 23 - extra for previously hidden field in generated input
1..23
ok
t/301_dbic_row.t .......... 
ok 1 - use Form::Diva;
ok 2 - 'moc dbic object looks like a dbix::class object' isa 'DBIx::Class::Row'
ok 3 - moc object returns data for ->get_inflated_columns
ok 4 - _checkdatadbic returns the original with a plain hashref
ok 5 - _checkdatadbic returns the data with a dbic row
ok 6 - sending an array_ref to _checkdatadbic returns empty hashref
ok 7 - plain hash generates label for purpose
ok 8 - plain hash generates value fname field
ok 9 - plain hash generates input tag with value of purpose field
ok 10 - dbic result generates label for purpose
ok 11 - dbic result generates value for fname field
ok 12 - dbic result generates input tag with value of purpose field
ok 13 - value of hidden field set when data is from dbic.
ok 14 - prefills input tag with value of purpose field when data is from dbic
# Bug in prior versions -- datavalues did not work with dbic row data
ok 15 - Test that datavalues method also worked with dbic data
ok 16 - Test that datavalues method also worked with dbic data
1..16
ok
All tests successful.
Files=16, Tests=320,  1 wallclock secs ( 0.05 usr  0.01 sys +  0.65 cusr  0.13 csys =  0.84 CPU)
Result: PASS
